android/app/build/intermediates/manifest_merge_blame_file/debug/manifest-merger-blame-debug-report.txt
1<?xml version="1.0" encoding="utf-8"?>
2<manifest xmlns:android="http://schemas.android.com/apk/res/android"
3    package="com.bookramp"
4    android:versionCode="1"
5    android:versionName="1.0" >
6
7    <uses-sdk
8        android:minSdkVersion="16"
9        android:targetSdkVersion="28" />
10
11    <uses-permission android:name="android.permission.SYSTEM_ALERT_WINDOW" />
11-->src/debug/AndroidManifest.xml:5:5-77
11-->src/debug/AndroidManifest.xml:5:22-75
12    <uses-permission android:name="android.permission.INTERNET" />
12-->src/main/AndroidManifest.xml:4:5-67
12-->src/main/AndroidManifest.xml:4:22-64
13    <uses-permission android:name="android.permission.CAMERA" />
13-->src/main/AndroidManifest.xml:5:5-65
13-->src/main/AndroidManifest.xml:5:22-62
14    <uses-permission android:name="android.permission.WRITE_EXTERNAL_STORAGE" />
14-->src/main/AndroidManifest.xml:6:5-80
14-->src/main/AndroidManifest.xml:6:22-78
15    <uses-permission android:name="android.permission.ACCESS_NETWORK_STATE" />
15-->[:react-native-community_netinfo] AndroidManifest.xml:9:5-79
15-->[:react-native-community_netinfo] AndroidManifest.xml:9:22-76
16    <uses-permission android:name="android.permission.ACCESS_WIFI_STATE" />
16-->[:react-native-community_netinfo] AndroidManifest.xml:10:5-76
16-->[:react-native-community_netinfo] AndroidManifest.xml:10:22-73
17
18    <application
18-->src/main/AndroidManifest.xml:7:5-26:19
19        android:name="com.bookramp.MainApplication"
19-->src/main/AndroidManifest.xml:8:7-38
20        android:allowBackup="false"
20-->src/main/AndroidManifest.xml:12:7-34
21        android:appComponentFactory="androidx.core.app.CoreComponentFactory"
21-->[androidx.core:core:1.3.0-beta01] AndroidManifest.xml:24:18-86
22        android:debuggable="true"
23        android:icon="@mipmap/ic_launcher"
23-->src/main/AndroidManifest.xml:10:7-41
24        android:label="@string/app_name"
24-->src/main/AndroidManifest.xml:9:7-39
25        android:roundIcon="@mipmap/ic_launcher_round"
25-->src/main/AndroidManifest.xml:11:7-52
26        android:theme="@style/AppTheme"
26-->src/main/AndroidManifest.xml:14:7-38
27        android:usesCleartextTraffic="true" >
27-->src/main/AndroidManifest.xml:13:7-42
28        <activity
28-->src/main/AndroidManifest.xml:15:7-24:18
29            android:name="com.bookramp.MainActivity"
29-->src/main/AndroidManifest.xml:16:9-37
30            android:configChanges="keyboard|keyboardHidden|orientation|screenSize"
30-->src/main/AndroidManifest.xml:18:9-79
31            android:label="@string/app_name"
31-->src/main/AndroidManifest.xml:17:9-41
32            android:windowSoftInputMode="adjustResize" >
32-->src/main/AndroidManifest.xml:19:9-51
33            <intent-filter>
33-->src/main/AndroidManifest.xml:20:9-23:25
34                <action android:name="android.intent.action.MAIN" />
34-->src/main/AndroidManifest.xml:21:13-65
34-->src/main/AndroidManifest.xml:21:21-62
35
36                <category android:name="android.intent.category.LAUNCHER" />
36-->src/main/AndroidManifest.xml:22:13-73
36-->src/main/AndroidManifest.xml:22:23-70
37            </intent-filter>
38        </activity>
39        <activity android:name="com.facebook.react.devsupport.DevSettingsActivity" />
39-->src/main/AndroidManifest.xml:25:7-84
39-->src/main/AndroidManifest.xml:25:17-81
40
41        <provider
41-->[:react-native-image-crop-picker] AndroidManifest.xml:13:9-21:20
42            android:name="androidx.core.content.FileProvider"
42-->[:react-native-image-crop-picker] AndroidManifest.xml:14:13-62
43            android:authorities="com.bookramp.provider"
43-->[:react-native-image-crop-picker] AndroidManifest.xml:15:13-60
44            android:exported="false"
44-->[:react-native-image-crop-picker] AndroidManifest.xml:16:13-37
45            android:grantUriPermissions="true" >
45-->[:react-native-image-crop-picker] AndroidManifest.xml:17:13-47
46            <meta-data
46-->[:react-native-image-crop-picker] AndroidManifest.xml:18:13-20:58
47                android:name="android.support.FILE_PROVIDER_PATHS"
47-->[:react-native-image-crop-picker] AndroidManifest.xml:19:17-67
48                android:resource="@xml/provider_paths" />
48-->[:react-native-image-crop-picker] AndroidManifest.xml:20:17-55
49        </provider>
50
51        <activity
51-->[:react-native-image-crop-picker] AndroidManifest.xml:23:9-25:72
52            android:name="com.yalantis.ucrop.UCropActivity"
52-->[:react-native-image-crop-picker] AndroidManifest.xml:24:13-60
53            android:theme="@style/Theme.AppCompat.Light.NoActionBar" />
53-->[:react-native-image-crop-picker] AndroidManifest.xml:25:13-69
54    </application>
55
56</manifest>